#
# There is insufficient memory for the Java Runtime Environment to continue.
# Native memory allocation (malloc) failed to allocate 1048576 bytes for AllocateHeap
# Possible reasons:
#   The system is out of physical RAM or swap space
#   The process is running with CompressedOops enabled, and the Java Heap may be blocking the growth of the native heap
# Possible solutions:
#   Reduce memory load on the system
#   Increase physical memory or swap space
#   Check if swap backing store is full
#   Decrease Java heap size (-Xmx/-Xms)
#   Decrease number of Java threads
#   Decrease Java thread stack sizes (-Xss)
#   Set larger code cache with -XX:ReservedCodeCacheSize=
#   JVM is running with Unscaled Compressed Oops mode in which the Java heap is
#     placed in the first 4GB address space. The Java Heap base address is the
#     maximum limit for the native heap growth. Please use -XX:HeapBaseMinAddress
#     to set the Java Heap base and to place the Java Heap above 4GB virtual address.
# This output file may be truncated or incomplete.
#
#  Out of Memory Error (allocation.cpp:44), pid=14516, tid=11012
#
# JRE version: OpenJDK Runtime Environment Temurin-17.0.10+7 (17.0.10+7) (build 17.0.10+7)
# Java VM: OpenJDK 64-Bit Server VM Temurin-17.0.10+7 (17.0.10+7, mixed mode, emulated-client, tiered, compressed oops, compressed class ptrs, g1 gc, windows-amd64)
# No core dump will be written. Minidumps are not enabled by default on client versions of Windows
#

---------------  S U M M A R Y ------------

Command Line: -XX:+HeapDumpOnOutOfMemoryError -Xmx1024m -Dsts.lsp.client=vscode -Dsts.log.file=/dev/null -XX:TieredStopAtLevel=1 -Xlog:jni+resolve=off -Dspring.config.location=file:c:\Users\thoma\.vscode\extensions\vmware.vscode-spring-boot-1.53.0\language-server\BOOT-INF\classes\application.properties org.springframework.ide.vscode.boot.app.BootLanguageServerBootApp

Host: Intel(R) Core(TM) i3-4005U CPU @ 1.70GHz, 4 cores, 3G,  Windows 11 , 64 bit Build 22000 (10.0.22000.2538)
Time: Wed Mar 20 20:30:56 2024 Hora Padrão de Buenos Aires elapsed time: 822.687762 seconds (0d 0h 13m 42s)

---------------  T H R E A D  ---------------

Current thread (0x00000214c239de10):  VMThread "VM Thread" [stack: 0x000000c4ea200000,0x000000c4ea300000] [id=11012]

Stack: [0x000000c4ea200000,0x000000c4ea300000]
Native frames: (J=compiled Java code, j=interpreted, Vv=VM code, C=native code)
V  [jvm.dll+0x67d2c9]
V  [jvm.dll+0x834afa]
V  [jvm.dll+0x8365be]
V  [jvm.dll+0x836c23]
V  [jvm.dll+0x2477ff]
V  [jvm.dll+0xa6c93]
V  [jvm.dll+0x2f8663]
V  [jvm.dll+0x2f42e0]
V  [jvm.dll+0x2dc8c7]
V  [jvm.dll+0x31fb87]
V  [jvm.dll+0x83b11b]
V  [jvm.dll+0x83be61]
V  [jvm.dll+0x83c37d]
V  [jvm.dll+0x83c754]
V  [jvm.dll+0x83c820]
V  [jvm.dll+0x7e3fba]
V  [jvm.dll+0x67c1b5]
C  [ucrtbase.dll+0x26c0c]
C  [KERNEL32.DLL+0x153e0]
C  [ntdll.dll+0x485b]

VM_Operation (0x000000c4eb3ff110): G1CollectFull, mode: safepoint, requested by thread 0x00000214c82388a0


---------------  P R O C E S S  ---------------

Threads class SMR info:
_java_thread_list=0x00000214c81a4520, length=21, elements={
0x00000214c23b6380, 0x00000214c23b78b0, 0x00000214c23e4a30, 0x00000214c23e6470,
0x00000214c23e6d40, 0x00000214c23e7610, 0x00000214c23ebfb0, 0x00000214c240e610,
0x00000214c2710710, 0x00000214c27351d0, 0x00000214c7839020, 0x00000214c82388a0,
0x00000214c7df8b10, 0x00000214b7e67130, 0x00000214c82c3090, 0x00000214c831a010,
0x00000214c8208020, 0x00000214c8208500, 0x00000214c7bc0070, 0x00000214c7bc0a90,
0x00000214c7bc19c0
}

Java Threads: ( => current thread )
  0x00000214c23b6380 JavaThread "Reference Handler" daemon [_thread_blocked, id=18140, stack(0x000000c4ea300000,0x000000c4ea400000)]
  0x00000214c23b78b0 JavaThread "Finalizer" daemon [_thread_blocked, id=4464, stack(0x000000c4ea400000,0x000000c4ea500000)]
  0x00000214c23e4a30 JavaThread "Signal Dispatcher" daemon [_thread_blocked, id=19708, stack(0x000000c4ea500000,0x000000c4ea600000)]
  0x00000214c23e6470 JavaThread "Attach Listener" daemon [_thread_blocked, id=12788, stack(0x000000c4ea600000,0x000000c4ea700000)]
  0x00000214c23e6d40 JavaThread "Service Thread" daemon [_thread_blocked, id=18792, stack(0x000000c4ea700000,0x000000c4ea800000)]
  0x00000214c23e7610 JavaThread "Monitor Deflation Thread" daemon [_thread_blocked, id=8588, stack(0x000000c4ea800000,0x000000c4ea900000)]
  0x00000214c23ebfb0 JavaThread "C1 CompilerThread0" daemon [_thread_blocked, id=17288, stack(0x000000c4ea900000,0x000000c4eaa00000)]
  0x00000214c240e610 JavaThread "Sweeper thread" daemon [_thread_blocked, id=14912, stack(0x000000c4eaa00000,0x000000c4eab00000)]
  0x00000214c2710710 JavaThread "Notification Thread" daemon [_thread_blocked, id=13624, stack(0x000000c4eac00000,0x000000c4ead00000)]
  0x00000214c27351d0 JavaThread "Common-Cleaner" daemon [_thread_blocked, id=16688, stack(0x000000c4eae00000,0x000000c4eaf00000)]
  0x00000214c7839020 JavaThread "boundedElastic-evictor-1" daemon [_thread_blocked, id=11416, stack(0x000000c4eb200000,0x000000c4eb300000)]
  0x00000214c82388a0 JavaThread "pool-13-thread-1" [_thread_blocked, id=14684, stack(0x000000c4eb300000,0x000000c4eb400000)]
  0x00000214c7df8b10 JavaThread "LanguageServerApp-lifecycle" [_thread_blocked, id=6568, stack(0x000000c4eb400000,0x000000c4eb500000)]
  0x00000214b7e67130 JavaThread "DestroyJavaVM" [_thread_blocked, id=19328, stack(0x000000c4e9c00000,0x000000c4e9d00000)]
  0x00000214c82c3090 JavaThread "pool-14-thread-1" [_thread_in_native, id=18464, stack(0x000000c4eb500000,0x000000c4eb600000)]
  0x00000214c831a010 JavaThread "Simple-Language-Server main thread" daemon [_thread_blocked, id=6816, stack(0x000000c4eb600000,0x000000c4eb700000)]
  0x00000214c8208020 JavaThread "pool-8-thread-1" [_thread_blocked, id=17104, stack(0x000000c4eb700000,0x000000c4eb800000)]
  0x00000214c8208500 JavaThread "parallel-1" daemon [_thread_blocked, id=19296, stack(0x000000c4eb800000,0x000000c4eb900000)]
  0x00000214c7bc0070 JavaThread "pool-6-thread-1" [_thread_blocked, id=15436, stack(0x000000c4eb900000,0x000000c4eba00000)]
  0x00000214c7bc0a90 JavaThread "parallel-2" daemon [_thread_blocked, id=4856, stack(0x000000c4eba00000,0x000000c4ebb00000)]
  0x00000214c7bc19c0 JavaThread "Reconciler-1" daemon [_thread_blocked, id=18692, stack(0x000000c4ebb00000,0x000000c4ebc00000)]

Other Threads:
=>0x00000214c239de10 VMThread "VM Thread" [stack: 0x000000c4ea200000,0x000000c4ea300000] [id=11012]
  0x00000214c2710bf0 WatcherThread [stack: 0x000000c4ead00000,0x000000c4eae00000] [id=9684]
  0x00000214b7ea38f0 GCTaskThread "GC Thread#0" [stack: 0x000000c4e9d00000,0x000000c4e9e00000] [id=15304]
  0x00000214c7429d00 GCTaskThread "GC Thread#1" [stack: 0x000000c4eab00000,0x000000c4eac00000] [id=1424]
  0x00000214c74bfaf0 GCTaskThread "GC Thread#2" [stack: 0x000000c4eaf00000,0x000000c4eb000000] [id=20152]
  0x00000214c781b020 GCTaskThread "GC Thread#3" [stack: 0x000000c4eb100000,0x000000c4eb200000] [id=16592]
  0x00000214b7eac750 ConcurrentGCThread "G1 Main Marker" [stack: 0x000000c4e9e00000,0x000000c4e9f00000] [id=18368]
  0x00000214b7eae090 ConcurrentGCThread "G1 Conc#0" [stack: 0x000000c4e9f00000,0x000000c4ea000000] [id=16128]
  0x00000214b7efc790 ConcurrentGCThread "G1 Refine#0" [stack: 0x000000c4ea000000,0x000000c4ea100000] [id=18420]
  0x00000214b7efd0d0 ConcurrentGCThread "G1 Service" [stack: 0x000000c4ea100000,0x000000c4ea200000] [id=14320]

Threads with active compile tasks:

VM state: at safepoint (normal execution)

VM Mutex/Monitor currently owned by a thread:  ([mutex/lock_event])
[0x00000214b5cd2cd0] Threads_lock - owner thread: 0x00000214c239de10
[0x00000214b7e652a0] Heap_lock - owner thread: 0x00000214c82388a0

Heap address: 0x00000000c0000000, size: 1024 MB, Compressed Oops mode: 32-bit

CDS archive(s) not mapped
Compressed class space mapped at: 0x0000000100000000-0x0000000140000000, reserved size: 1073741824
Narrow klass base: 0x0000000000000000, Narrow klass shift: 3, Narrow klass range: 0x140000000

GC Precious Log:
 CPUs: 4 total, 4 available
 Memory: 4000M
 Large Page Support: Disabled
 NUMA Support: Disabled
 Compressed Oops: Enabled (32-bit)
 Heap Region Size: 1M
 Heap Min Capacity: 8M
 Heap Initial Capacity: 64M
 Heap Max Capacity: 1G
 Pre-touch: Disabled
 Parallel Workers: 4
 Concurrent Workers: 1
 Concurrent Refinement Workers: 4
 Periodic GC: Disabled

Heap:
 garbage-first heap   total 65536K, used 24046K [0x00000000c0000000, 0x0000000100000000)
  region size 1024K, 1 young (1024K), 0 survivors (0K)
 Metaspace       used 38843K, committed 39488K, reserved 1114112K
  class space    used 5121K, committed 5376K, reserved 1048576K

Heap Regions: E=young(eden), S=young(survivor), O=old, HS=humongous(starts), HC=humongous(continues), CS=collection set, F=free, OA=open archive, CA=closed archive, TAMS=top-at-mark-start (previous, next)
|   0|0x00000000c0000000, 0x00000000c0100000, 0x00000000c0100000|100%|HS|  |TAMS 0x00000000c0100000, 0x00000000c0000000| Untracked 
|   1|0x00000000c0100000, 0x00000000c0200000, 0x00000000c0200000|100%|HC|  |TAMS 0x00000000c0200000, 0x00000000c0100000| Untracked 
|   2|0x00000000c0200000, 0x00000000c0300000, 0x00000000c0300000|100%|HC|  |TAMS 0x00000000c0300000, 0x00000000c0200000| Untracked 
|   3|0x00000000c0300000, 0x00000000c0400000, 0x00000000c0400000|100%|HC|  |TAMS 0x00000000c0400000, 0x00000000c0300000| Untracked 
|   4|0x00000000c0400000, 0x00000000c0500000, 0x00000000c0500000|100%| O|  |TAMS 0x00000000c0500000, 0x00000000c0400000| Untracked 
|   5|0x00000000c0500000, 0x00000000c05fedf0, 0x00000000c0600000| 99%| O|  |TAMS 0x00000000c05fedf0, 0x00000000c0500000| Untracked 
|   6|0x00000000c0600000, 0x00000000c0700000, 0x00000000c0700000|100%| O|  |TAMS 0x00000000c0700000, 0x00000000c0600000| Untracked 
|   7|0x00000000c0700000, 0x00000000c07fa1a8, 0x00000000c0800000| 97%| O|  |TAMS 0x00000000c07fa1a8, 0x00000000c0700000| Untracked 
|   8|0x00000000c0800000, 0x00000000c0900000, 0x00000000c0900000|100%| O|  |TAMS 0x00000000c0900000, 0x00000000c0800000| Untracked 
|   9|0x00000000c0900000, 0x00000000c0a00000, 0x00000000c0a00000|100%| O|  |TAMS 0x00000000c0a00000, 0x00000000c0900000| Untracked 
|  10|0x00000000c0a00000, 0x00000000c0b00000, 0x00000000c0b00000|100%|HS|  |TAMS 0x00000000c0b00000, 0x00000000c0a00000| Untracked 
|  11|0x00000000c0b00000, 0x00000000c0c00000, 0x00000000c0c00000|100%|HC|  |TAMS 0x00000000c0c00000, 0x00000000c0b00000| Untracked 
|  12|0x00000000c0c00000, 0x00000000c0d00000, 0x00000000c0d00000|100%| O|  |TAMS 0x00000000c0d00000, 0x00000000c0c00000| Untracked 
|  13|0x00000000c0d00000, 0x00000000c0e00000, 0x00000000c0e00000|100%| O|  |TAMS 0x00000000c0e00000, 0x00000000c0d00000| Untracked 
|  14|0x00000000c0e00000, 0x00000000c0effff8, 0x00000000c0f00000| 99%| O|  |TAMS 0x00000000c0effff8, 0x00000000c0e00000| Untracked 
|  15|0x00000000c0f00000, 0x00000000c1000000, 0x00000000c1000000|100%| O|  |TAMS 0x00000000c1000000, 0x00000000c0f00000| Untracked 
|  16|0x00000000c1000000, 0x00000000c10ffff8, 0x00000000c1100000| 99%| O|  |TAMS 0x00000000c10ffff8, 0x00000000c1000000| Untracked 
|  17|0x00000000c1100000, 0x00000000c1200000, 0x00000000c1200000|100%| O|  |TAMS 0x00000000c1200000, 0x00000000c1100000| Untracked 
|  18|0x00000000c1200000, 0x00000000c12fffc8, 0x00000000c1300000| 99%| O|  |TAMS 0x00000000c12fffc8, 0x00000000c1200000| Untracked 
|  19|0x00000000c1300000, 0x00000000c13fffc0, 0x00000000c1400000| 99%| O|  |TAMS 0x00000000c13fffc0, 0x00000000c1300000| Untracked 
|  20|0x00000000c1400000, 0x00000000c14ffff0, 0x00000000c1500000| 99%| O|  |TAMS 0x00000000c14ffff0, 0x00000000c1400000| Untracked 
|  21|0x00000000c1500000, 0x00000000c15ffff0, 0x00000000c1600000| 99%| O|  |TAMS 0x00000000c15ffff0, 0x00000000c1500000| Untracked 
|  22|0x00000000c1600000, 0x00000000c1682b68, 0x00000000c1700000| 51%| O|  |TAMS 0x00000000c1600000, 0x00000000c1600000| Untracked 
|  23|0x00000000c1700000, 0x00000000c17fffe8, 0x00000000c1800000| 99%| O|  |TAMS 0x00000000c17fffe8, 0x00000000c1700000| Untracked 
|  24|0x00000000c1800000, 0x00000000c1800048, 0x00000000c1900000|  0%| O|  |TAMS 0x00000000c1800000, 0x00000000c1800000| Untracked 
|  25|0x00000000c1900000, 0x00000000c1900000, 0x00000000c1a00000|  0%| F|  |TAMS 0x00000000c1900000, 0x00000000c1900000| Untracked 
|  26|0x00000000c1a00000, 0x00000000c1a00000, 0x00000000c1b00000|  0%| F|  |TAMS 0x00000000c1a00000, 0x00000000c1a00000| Untracked 
|  27|0x00000000c1b00000, 0x00000000c1b00000, 0x00000000c1c00000|  0%| F|  |TAMS 0x00000000c1b00000, 0x00000000c1b00000| Untracked 
|  28|0x00000000c1c00000, 0x00000000c1c00000, 0x00000000c1d00000|  0%| F|  |TAMS 0x00000000c1c00000, 0x00000000c1c00000| Untracked 
|  29|0x00000000c1d00000, 0x00000000c1d00000, 0x00000000c1e00000|  0%| F|  |TAMS 0x00000000c1d00000, 0x00000000c1d00000| Untracked 
|  30|0x00000000c1e00000, 0x00000000c1e00000, 0x00000000c1f00000|  0%| F|  |TAMS 0x00000000c1e00000, 0x00000000c1e00000| Untracked 
|  31|0x00000000c1f00000, 0x00000000c1f00000, 0x00000000c2000000|  0%| F|  |TAMS 0x00000000c1f00000, 0x00000000c1f00000| Untracked 
|  32|0x00000000c2000000, 0x00000000c2000000, 0x00000000c2100000|  0%| F|  |TAMS 0x00000000c2000000, 0x00000000c2000000| Untracked 
|  33|0x00000000c2100000, 0x00000000c2100000, 0x00000000c2200000|  0%| F|  |TAMS 0x00000000c2100000, 0x00000000c2100000| Untracked 
|  34|0x00000000c2200000, 0x00000000c2200000, 0x00000000c2300000|  0%| F|  |TAMS 0x00000000c2200000, 0x00000000c2200000| Untracked 
|  35|0x00000000c2300000, 0x00000000c2300000, 0x00000000c2400000|  0%| F|  |TAMS 0x00000000c2300000, 0x00000000c2300000| Untracked 
|  36|0x00000000c2400000, 0x00000000c2400000, 0x00000000c2500000|  0%| F|  |TAMS 0x00000000c2400000, 0x00000000c2400000| Untracked 
|  37|0x00000000c2500000, 0x00000000c2500000, 0x00000000c2600000|  0%| F|  |TAMS 0x00000000c2500000, 0x00000000c2500000| Untracked 
|  38|0x00000000c2600000, 0x00000000c2600000, 0x00000000c2700000|  0%| F|  |TAMS 0x00000000c2600000, 0x00000000c2600000| Untracked 
|  39|0x00000000c2700000, 0x00000000c2700000, 0x00000000c2800000|  0%| F|  |TAMS 0x00000000c2700000, 0x00000000c2700000| Untracked 
|  40|0x00000000c2800000, 0x00000000c2800000, 0x00000000c2900000|  0%| F|  |TAMS 0x00000000c2800000, 0x00000000c2800000| Untracked 
|  41|0x00000000c2900000, 0x00000000c2900000, 0x00000000c2a00000|  0%| F|  |TAMS 0x00000000c2900000, 0x00000000c2900000| Untracked 
|  42|0x00000000c2a00000, 0x00000000c2a00000, 0x00000000c2b00000|  0%| F|  |TAMS 0x00000000c2a00000, 0x00000000c2a00000| Untracked 
|  43|0x00000000c2b00000, 0x00000000c2b00000, 0x00000000c2c00000|  0%| F|  |TAMS 0x00000000c2b00000, 0x00000000c2b00000| Untracked 
|  44|0x00000000c2c00000, 0x00000000c2c00000, 0x00000000c2d00000|  0%| F|  |TAMS 0x00000000c2c00000, 0x00000000c2c00000| Untracked 
|  45|0x00000000c2d00000, 0x00000000c2d00000, 0x00000000c2e00000|  0%| F|  |TAMS 0x00000000c2d00000, 0x00000000c2d00000| Untracked 
|  46|0x00000000c2e00000, 0x00000000c2e00000, 0x00000000c2f00000|  0%| F|  |TAMS 0x00000000c2e00000, 0x00000000c2e00000| Untracked 
|  47|0x00000000c2f00000, 0x00000000c2f00000, 0x00000000c3000000|  0%| F|  |TAMS 0x00000000c2f00000, 0x00000000c2f00000| Untracked 
|  48|0x00000000c3000000, 0x00000000c3000000, 0x00000000c3100000|  0%| F|  |TAMS 0x00000000c3000000, 0x00000000c3000000| Untracked 
|  49|0x00000000c3100000, 0x00000000c3100000, 0x00000000c3200000|  0%| F|  |TAMS 0x00000000c3100000, 0x00000000c3100000| Untracked 
|  50|0x00000000c3200000, 0x00000000c3200000, 0x00000000c3300000|  0%| F|  |TAMS 0x00000000c3200000, 0x00000000c3200000| Untracked 
|  51|0x00000000c3300000, 0x00000000c3300000, 0x00000000c3400000|  0%| F|  |TAMS 0x00000000c3300000, 0x00000000c3300000| Untracked 
|  52|0x00000000c3400000, 0x00000000c3400000, 0x00000000c3500000|  0%| F|  |TAMS 0x00000000c3400000, 0x00000000c3400000| Untracked 
|  53|0x00000000c3500000, 0x00000000c3500000, 0x00000000c3600000|  0%| F|  |TAMS 0x00000000c3500000, 0x00000000c3500000| Untracked 
|  54|0x00000000c3600000, 0x00000000c3600000, 0x00000000c3700000|  0%| F|  |TAMS 0x00000000c3600000, 0x00000000c3600000| Untracked 
|  55|0x00000000c3700000, 0x00000000c3700000, 0x00000000c3800000|  0%| F|  |TAMS 0x00000000c3700000, 0x00000000c3700000| Untracked 
|  56|0x00000000c3800000, 0x00000000c3800000, 0x00000000c3900000|  0%| F|  |TAMS 0x00000000c3800000, 0x00000000c3800000| Untracked 
|  57|0x00000000c3900000, 0x00000000c3900000, 0x00000000c3a00000|  0%| F|  |TAMS 0x00000000c3900000, 0x00000000c3900000| Untracked 
|  58|0x00000000c3a00000, 0x00000000c3a00000, 0x00000000c3b00000|  0%| F|  |TAMS 0x00000000c3a00000, 0x00000000c3a00000| Untracked 
|  59|0x00000000c3b00000, 0x00000000c3b00000, 0x00000000c3c00000|  0%| F|  |TAMS 0x00000000c3b00000, 0x00000000c3b00000| Untracked 
|  60|0x00000000c3c00000, 0x00000000c3c00000, 0x00000000c3d00000|  0%| F|  |TAMS 0x00000000c3c00000, 0x00000000c3c00000| Untracked 
|  61|0x00000000c3d00000, 0x00000000c3d00000, 0x00000000c3e00000|  0%| F|  |TAMS 0x00000000c3d00000, 0x00000000c3d00000| Untracked 
|  62|0x00000000c3e00000, 0x00000000c3e00000, 0x00000000c3f00000|  0%| F|  |TAMS 0x00000000c3e00000, 0x00000000c3e00000| Untracked 
|  63|0x00000000c3f00000, 0x00000000c3f225b8, 0x00000000c4000000| 13%| E|  |TAMS 0x00000000c3f00000, 0x00000000c3f00000| Complete 

Card table byte_map: [0x00000214bdb00000,0x00000214bdd00000] _byte_map_base: 0x00000214bd500000

Marking Bits (Prev, Next): (CMBitMap*) 0x00000214b7ea3e20, (CMBitMap*) 0x00000214b7ea3e60
 Prev Bits: [0x00000214bdf00000, 0x00000214bef00000)
 Next Bits: [0x00000214bef00000, 0x00000214bff00000)

Polling page: 0x00000214b5dc0000

Metaspace:

Usage:
  Non-class:     32.93 MB used.
      Class:      5.00 MB used.
       Both:     37.93 MB used.

Virtual space:
  Non-class space:       64.00 MB reserved,      33.31 MB ( 52%) committed,  1 nodes.
      Class space:        1.00 GB reserved,       5.25 MB ( <1%) committed,  1 nodes.
             Both:        1.06 GB reserved,      38.56 MB (  4%) committed. 

Chunk freelists:
   Non-Class:  14.90 MB
       Class:  10.80 MB
        Both:  25.70 MB

MaxMetaspaceSize: unlimited
CompressedClassSpaceSize: 1.00 GB
Initial GC threshold: 21.00 MB
Current GC threshold: 64.31 MB
CDS: off
MetaspaceReclaimPolicy: balanced
 - commit_granule_bytes: 65536.
 - commit_granule_words: 8192.
 - virtual_space_node_default_size: 8388608.
 - enlarge_chunks_in_place: 1.
 - new_chunks_are_fully_committed: 0.
 - uncommit_free_chunks: 1.
 - use_allocation_guard: 0.
 - handle_deallocations: 1.


Internal statistics:

num_allocs_failed_limit: 8.
num_arena_births: 502.
num_arena_deaths: 152.
num_vsnodes_births: 2.
num_vsnodes_deaths: 0.
num_space_committed: 617.
num_space_uncommitted: 0.
num_chunks_returned_to_freelist: 177.
num_chunks_taken_from_freelist: 1667.
num_chunk_merges: 54.
num_chunk_splits: 1147.
num_chunks_enlarged: 867.
num_inconsistent_stats: 0.

CodeCache: size=49152Kb used=6745Kb max_used=7244Kb free=42407Kb
 bounds [0x00000214bab00000, 0x00000214bb220000, 0x00000214bdb00000]
 total_blobs=4165 nmethods=3621 adapters=471
 compilation: enabled
              stopped_count=0, restarted_count=0
 full_count=0

Compilation events (20 events):
Event: 633.053 Thread 0x00000214c23ebfb0 3637       1       jdk.internal.misc.Unsafe::putReferenceOpaque (9 bytes)
Event: 633.058 Thread 0x00000214c23ebfb0 nmethod 3637 0x00000214baec1510 code [0x00000214baec16a0, 0x00000214baec17b8]
Event: 638.014 Thread 0x00000214c23ebfb0 3638       1       java.lang.invoke.LambdaForm$MH/0x000000010008c400::invoke (27 bytes)
Event: 638.023 Thread 0x00000214c23ebfb0 nmethod 3638 0x00000214baec1110 code [0x00000214baec12c0, 0x00000214baec1418]
Event: 638.024 Thread 0x00000214c23ebfb0 3639       1       java.lang.StringConcatHelper::newArrayWithSuffix (40 bytes)
Event: 638.035 Thread 0x00000214c23ebfb0 nmethod 3639 0x00000214baec0b10 code [0x00000214baec0ce0, 0x00000214baec0f58]
Event: 671.859 Thread 0x00000214c23ebfb0 3640       1       java.util.concurrent.locks.LockSupport::setBlocker (12 bytes)
Event: 671.862 Thread 0x00000214c23ebfb0 nmethod 3640 0x00000214baec0810 code [0x00000214baec09a0, 0x00000214baec0a98]
Event: 682.963 Thread 0x00000214c23ebfb0 3641       1       java.util.concurrent.locks.ReentrantLock$Sync::isHeldExclusively (16 bytes)
Event: 682.964 Thread 0x00000214c23ebfb0 nmethod 3641 0x00000214baec0510 code [0x00000214baec06a0, 0x00000214baec0798]
Event: 692.994 Thread 0x00000214c23ebfb0 3642       1       java.util.concurrent.locks.AbstractQueuedSynchronizer$ConditionObject::canReacquire (28 bytes)
Event: 693.002 Thread 0x00000214c23ebfb0 nmethod 3642 0x00000214baec0110 code [0x00000214baec02a0, 0x00000214baec03f8]
Event: 719.000 Thread 0x00000214c23ebfb0 3643       1       java.util.concurrent.ThreadPoolExecutor::getQueue (5 bytes)
Event: 719.009 Thread 0x00000214c23ebfb0 nmethod 3643 0x00000214baebfe10 code [0x00000214baebffa0, 0x00000214baec0078]
Event: 722.965 Thread 0x00000214c23ebfb0 3644       1       java.util.concurrent.ScheduledThreadPoolExecutor$DelayedWorkQueue::setIndex (16 bytes)
Event: 722.996 Thread 0x00000214c23ebfb0 nmethod 3644 0x00000214baebfa90 code [0x00000214baebfc20, 0x00000214baebfd38]
Event: 743.084 Thread 0x00000214c23ebfb0 3645       1       java.util.concurrent.ScheduledThreadPoolExecutor$ScheduledFutureTask::getDelay (16 bytes)
Event: 743.091 Thread 0x00000214c23ebfb0 nmethod 3645 0x00000214baebf710 code [0x00000214baebf8a0, 0x00000214baebf9c8]
Event: 743.092 Thread 0x00000214c23ebfb0 3646       1       java.util.concurrent.TimeUnit::convert (77 bytes)
Event: 743.103 Thread 0x00000214c23ebfb0 nmethod 3646 0x00000214baebf110 code [0x00000214baebf300, 0x00000214baebf588]

GC Heap History (20 events):
Event: 661.787 GC heap before
{Heap before GC invocations=55 (full 44):
 garbage-first heap   total 65536K, used 24046K [0x00000000c0000000, 0x0000000100000000)
  region size 1024K, 1 young (1024K), 0 survivors (0K)
 Metaspace       used 38843K, committed 39488K, reserved 1114112K
  class space    used 5121K, committed 5376K, reserved 1048576K
}
Event: 661.853 GC heap after
{Heap after GC invocations=56 (full 45):
 garbage-first heap   total 65536K, used 24046K [0x00000000c0000000, 0x0000000100000000)
  region size 1024K, 0 young (0K), 0 survivors (0K)
 Metaspace       used 38843K, committed 39488K, reserved 1114112K
  class space    used 5121K, committed 5376K, reserved 1048576K
}
Event: 679.707 GC heap before
{Heap before GC invocations=56 (full 45):
 garbage-first heap   total 65536K, used 24046K [0x00000000c0000000, 0x0000000100000000)
  region size 1024K, 1 young (1024K), 0 survivors (0K)
 Metaspace       used 38843K, committed 39488K, reserved 1114112K
  class space    used 5121K, committed 5376K, reserved 1048576K
}
Event: 679.766 GC heap after
{Heap after GC invocations=57 (full 46):
 garbage-first heap   total 65536K, used 24046K [0x00000000c0000000, 0x0000000100000000)
  region size 1024K, 0 young (0K), 0 survivors (0K)
 Metaspace       used 38843K, committed 39488K, reserved 1114112K
  class space    used 5121K, committed 5376K, reserved 1048576K
}
Event: 699.080 GC heap before
{Heap before GC invocations=57 (full 46):
 garbage-first heap   total 65536K, used 24046K [0x00000000c0000000, 0x0000000100000000)
  region size 1024K, 1 young (1024K), 0 survivors (0K)
 Metaspace       used 38843K, committed 39488K, reserved 1114112K
  class space    used 5121K, committed 5376K, reserved 1048576K
}
Event: 699.379 GC heap after
{Heap after GC invocations=58 (full 47):
 garbage-first heap   total 65536K, used 24046K [0x00000000c0000000, 0x0000000100000000)
  region size 1024K, 0 young (0K), 0 survivors (0K)
 Metaspace       used 38843K, committed 39488K, reserved 1114112K
  class space    used 5121K, committed 5376K, reserved 1048576K
}
Event: 718.942 GC heap before
{Heap before GC invocations=58 (full 47):
 garbage-first heap   total 65536K, used 24046K [0x00000000c0000000, 0x0000000100000000)
  region size 1024K, 1 young (1024K), 0 survivors (0K)
 Metaspace       used 38843K, committed 39488K, reserved 1114112K
  class space    used 5121K, committed 5376K, reserved 1048576K
}
Event: 718.999 GC heap after
{Heap after GC invocations=59 (full 48):
 garbage-first heap   total 65536K, used 24046K [0x00000000c0000000, 0x0000000100000000)
  region size 1024K, 0 young (0K), 0 survivors (0K)
 Metaspace       used 38843K, committed 39488K, reserved 1114112K
  class space    used 5121K, committed 5376K, reserved 1048576K
}
Event: 734.897 GC heap before
{Heap before GC invocations=59 (full 48):
 garbage-first heap   total 65536K, used 24046K [0x00000000c0000000, 0x0000000100000000)
  region size 1024K, 1 young (1024K), 0 survivors (0K)
 Metaspace       used 38843K, committed 39488K, reserved 1114112K
  class space    used 5121K, committed 5376K, reserved 1048576K
}
Event: 734.950 GC heap after
{Heap after GC invocations=60 (full 49):
 garbage-first heap   total 65536K, used 24046K [0x00000000c0000000, 0x0000000100000000)
  region size 1024K, 0 young (0K), 0 survivors (0K)
 Metaspace       used 38843K, committed 39488K, reserved 1114112K
  class space    used 5121K, committed 5376K, reserved 1048576K
}
Event: 750.140 GC heap before
{Heap before GC invocations=60 (full 49):
 garbage-first heap   total 65536K, used 24046K [0x00000000c0000000, 0x0000000100000000)
  region size 1024K, 1 young (1024K), 0 survivors (0K)
 Metaspace       used 38843K, committed 39488K, reserved 1114112K
  class space    used 5121K, committed 5376K, reserved 1048576K
}
Event: 750.194 GC heap after
{Heap after GC invocations=61 (full 50):
 garbage-first heap   total 65536K, used 24046K [0x00000000c0000000, 0x0000000100000000)
  region size 1024K, 0 young (0K), 0 survivors (0K)
 Metaspace       used 38843K, committed 39488K, reserved 1114112K
  class space    used 5121K, committed 5376K, reserved 1048576K
}
Event: 769.591 GC heap before
{Heap before GC invocations=61 (full 50):
 garbage-first heap   total 65536K, used 24046K [0x00000000c0000000, 0x0000000100000000)
  region size 1024K, 1 young (1024K), 0 survivors (0K)
 Metaspace       used 38843K, committed 39488K, reserved 1114112K
  class space    used 5121K, committed 5376K, reserved 1048576K
}
Event: 769.648 GC heap after
{Heap after GC invocations=62 (full 51):
 garbage-first heap   total 65536K, used 24046K [0x00000000c0000000, 0x0000000100000000)
  region size 1024K, 0 young (0K), 0 survivors (0K)
 Metaspace       used 38843K, committed 39488K, reserved 1114112K
  class space    used 5121K, committed 5376K, reserved 1048576K
}
Event: 784.228 GC heap before
{Heap before GC invocations=62 (full 51):
 garbage-first heap   total 65536K, used 24046K [0x00000000c0000000, 0x0000000100000000)
  region size 1024K, 1 young (1024K), 0 survivors (0K)
 Metaspace       used 38843K, committed 39488K, reserved 1114112K
  class space    used 5121K, committed 5376K, reserved 1048576K
}
Event: 784.291 GC heap after
{Heap after GC invocations=63 (full 52):
 garbage-first heap   total 65536K, used 24046K [0x00000000c0000000, 0x0000000100000000)
  region size 1024K, 0 young (0K), 0 survivors (0K)
 Metaspace       used 38843K, committed 39488K, reserved 1114112K
  class space    used 5121K, committed 5376K, reserved 1048576K
}
Event: 795.888 GC heap before
{Heap before GC invocations=63 (full 52):
 garbage-first heap   total 65536K, used 24046K [0x00000000c0000000, 0x0000000100000000)
  region size 1024K, 1 young (1024K), 0 survivors (0K)
 Metaspace       used 38843K, committed 39488K, reserved 1114112K
  class space    used 5121K, committed 5376K, reserved 1048576K
}
Event: 795.940 GC heap after
{Heap after GC invocations=64 (full 53):
 garbage-first heap   total 65536K, used 24046K [0x00000000c0000000, 0x0000000100000000)
  region size 1024K, 0 young (0K), 0 survivors (0K)
 Metaspace       used 38843K, committed 39488K, reserved 1114112K
  class space    used 5121K, committed 5376K, reserved 1048576K
}
Event: 812.341 GC heap before
{Heap before GC invocations=64 (full 53):
 garbage-first heap   total 65536K, used 24046K [0x00000000c0000000, 0x0000000100000000)
  region size 1024K, 1 young (1024K), 0 survivors (0K)
 Metaspace       used 38843K, committed 39488K, reserved 1114112K
  class space    used 5121K, committed 5376K, reserved 1048576K
}
Event: 812.399 GC heap after
{Heap after GC invocations=65 (full 54):
 garbage-first heap   total 65536K, used 24046K [0x00000000c0000000, 0x0000000100000000)
  region size 1024K, 0 young (0K), 0 survivors (0K)
 Metaspace       used 38843K, committed 39488K, reserved 1114112K
  class space    used 5121K, committed 5376K, reserved 1048576K
}

Dll operation events (8 events):
Event: 0.021 Loaded shared library c:\Users\thoma\.vscode\extensions\redhat.java-1.28.1-win32-x64\jre\17.0.10-win32-x86_64\bin\java.dll
Event: 3.155 Loaded shared library C:\Users\thoma\.vscode\extensions\redhat.java-1.28.1-win32-x64\jre\17.0.10-win32-x86_64\bin\net.dll
Event: 3.360 Loaded shared library C:\Users\thoma\.vscode\extensions\redhat.java-1.28.1-win32-x64\jre\17.0.10-win32-x86_64\bin\nio.dll
Event: 3.525 Loaded shared library C:\Users\thoma\.vscode\extensions\redhat.java-1.28.1-win32-x64\jre\17.0.10-win32-x86_64\bin\zip.dll
Event: 6.441 Loaded shared library C:\Users\thoma\.vscode\extensions\redhat.java-1.28.1-win32-x64\jre\17.0.10-win32-x86_64\bin\jimage.dll
Event: 18.439 Loaded shared library c:\Users\thoma\.vscode\extensions\redhat.java-1.28.1-win32-x64\jre\17.0.10-win32-x86_64\bin\verify.dll
Event: 33.672 Loaded shared library C:\Users\thoma\.vscode\extensions\redhat.java-1.28.1-win32-x64\jre\17.0.10-win32-x86_64\bin\management.dll
Event: 33.683 Loaded shared library C:\Users\thoma\.vscode\extensions\redhat.java-1.28.1-win32-x64\jre\17.0.10-win32-x86_64\bin\management_ext.dll

Deoptimization events (4 events):
Event: 35.761 Thread 0x00000214c82c3090 DEOPT PACKING pc=0x00000214bb031001 sp=0x000000c4eb5fde00
Event: 35.761 Thread 0x00000214c82c3090 DEOPT UNPACKING pc=0x00000214bab57143 sp=0x000000c4eb5fd290 mode 3
Event: 35.882 Thread 0x00000214c831a010 DEOPT PACKING pc=0x00000214bb015b97 sp=0x000000c4eb6ff310
Event: 35.882 Thread 0x00000214c831a010 DEOPT UNPACKING pc=0x00000214bab57143 sp=0x000000c4eb6fe768 mode 3

Classes unloaded (20 events):
Event: 105.122 Thread 0x00000214c239de10 Unloading class 0x0000000100094800 'java/lang/invoke/LambdaForm$MH+0x0000000100094800'
Event: 105.122 Thread 0x00000214c239de10 Unloading class 0x0000000100094400 'java/lang/invoke/LambdaForm$MH+0x0000000100094400'
Event: 105.122 Thread 0x00000214c239de10 Unloading class 0x000000010008e800 'java/lang/invoke/LambdaForm$MH+0x000000010008e800'
Event: 105.122 Thread 0x00000214c239de10 Unloading class 0x000000010008e400 'java/lang/invoke/LambdaForm$MH+0x000000010008e400'
Event: 105.122 Thread 0x00000214c239de10 Unloading class 0x000000010008e000 'java/lang/invoke/LambdaForm$MH+0x000000010008e000'
Event: 105.122 Thread 0x00000214c239de10 Unloading class 0x000000010008dc00 'java/lang/invoke/LambdaForm$MH+0x000000010008dc00'
Event: 105.122 Thread 0x00000214c239de10 Unloading class 0x000000010008d800 'java/lang/invoke/LambdaForm$MH+0x000000010008d800'
Event: 105.122 Thread 0x00000214c239de10 Unloading class 0x000000010008d400 'java/lang/invoke/LambdaForm$MH+0x000000010008d400'
Event: 105.122 Thread 0x00000214c239de10 Unloading class 0x000000010008cc00 'java/lang/invoke/LambdaForm$MH+0x000000010008cc00'
Event: 105.122 Thread 0x00000214c239de10 Unloading class 0x000000010008c800 'java/lang/invoke/LambdaForm$MH+0x000000010008c800'
Event: 105.122 Thread 0x00000214c239de10 Unloading class 0x000000010008c000 'java/lang/invoke/LambdaForm$MH+0x000000010008c000'
Event: 105.122 Thread 0x00000214c239de10 Unloading class 0x000000010008bc00 'java/lang/invoke/LambdaForm$MH+0x000000010008bc00'
Event: 105.122 Thread 0x00000214c239de10 Unloading class 0x000000010008ac00 'java/lang/invoke/LambdaForm$MH+0x000000010008ac00'
Event: 105.122 Thread 0x00000214c239de10 Unloading class 0x000000010008a400 'java/lang/invoke/LambdaForm$MH+0x000000010008a400'
Event: 105.122 Thread 0x00000214c239de10 Unloading class 0x000000010008a000 'java/lang/invoke/LambdaForm$MH+0x000000010008a000'
Event: 105.122 Thread 0x00000214c239de10 Unloading class 0x0000000100089c00 'java/lang/invoke/LambdaForm$MH+0x0000000100089c00'
Event: 105.122 Thread 0x00000214c239de10 Unloading class 0x0000000100089800 'java/lang/invoke/LambdaForm$MH+0x0000000100089800'
Event: 105.122 Thread 0x00000214c239de10 Unloading class 0x0000000100089400 'java/lang/invoke/LambdaForm$MH+0x0000000100089400'
Event: 105.122 Thread 0x00000214c239de10 Unloading class 0x0000000100088c00 'java/lang/invoke/LambdaForm$MH+0x0000000100088c00'
Event: 105.122 Thread 0x00000214c239de10 Unloading class 0x0000000100088400 'java/lang/invoke/LambdaForm$MH+0x0000000100088400'

Classes redefined (0 events):
No events

Internal exceptions (20 events):
Event: 25.077 Thread 0x00000214b7e67130 Exception <a 'java/lang/NoSuchMethodError'{0x00000000c3ea70c0}: 'java.lang.Object java.lang.invoke.DirectMethodHandle$Holder.invokeSpecial(java.lang.Object, java.lang.Object, int, java.lang.Object, java.lang.Object)'> (0x00000000c3ea70c0) 
thrown [s\src\hotspot\share\interpreter\linkResolver.cpp, line 759]
Event: 25.080 Thread 0x00000214b7e67130 Exception <a 'java/lang/NoSuchMethodError'{0x00000000c3eaad68}: 'java.lang.Object java.lang.invoke.DelegatingMethodHandle$Holder.delegate(java.lang.Object, int, java.lang.Object, java.lang.Object)'> (0x00000000c3eaad68) 
thrown [s\src\hotspot\share\interpreter\linkResolver.cpp, line 759]
Event: 25.083 Thread 0x00000214b7e67130 Exception <a 'java/lang/NoSuchMethodError'{0x00000000c3ec3808}: 'int java.lang.invoke.Invokers$Holder.linkToTargetMethod(java.lang.Object, java.lang.Object, java.lang.Object)'> (0x00000000c3ec3808) 
thrown [s\src\hotspot\share\interpreter\linkResolver.cpp, line 759]
Event: 26.146 Thread 0x00000214b7e67130 Exception <a 'java/lang/NoSuchMethodError'{0x00000000c395ff88}: 'java.lang.Object java.lang.invoke.DirectMethodHandle$Holder.invokeStaticInit(java.lang.Object, int, int, int, int)'> (0x00000000c395ff88) 
thrown [s\src\hotspot\share\interpreter\linkResolver.cpp, line 759]
Event: 27.065 Thread 0x00000214b7e67130 Exception <a 'java/lang/NoSuchMethodError'{0x00000000c39b32d8}: 'java.lang.Object java.lang.invoke.DirectMethodHandle$Holder.invokeStaticInit(java.lang.Object, java.lang.Object, int, int, int, int)'> (0x00000000c39b32d8) 
thrown [s\src\hotspot\share\interpreter\linkResolver.cpp, line 759]
Event: 28.643 Thread 0x00000214b7e67130 Exception <a 'java/lang/NoSuchMethodError'{0x00000000c3001d48}: 'void java.lang.invoke.DirectMethodHandle$Holder.invokeSpecialIFC(java.lang.Object, java.lang.Object, java.lang.Object)'> (0x00000000c3001d48) 
thrown [s\src\hotspot\share\interpreter\linkResolver.cpp, line 759]
Event: 31.229 Thread 0x00000214b7e67130 Exception <a 'java/lang/NoSuchMethodError'{0x00000000c36bafb0}: 'int java.lang.invoke.DirectMethodHandle$Holder.invokeStaticInit(java.lang.Object, java.lang.Object, int, java.lang.Object)'> (0x00000000c36bafb0) 
thrown [s\src\hotspot\share\interpreter\linkResolver.cpp, line 759]
Event: 31.494 Thread 0x00000214b7e67130 Exception <a 'java/lang/NoSuchMethodError'{0x00000000c35cb0e0}: 'void java.lang.invoke.DirectMethodHandle$Holder.invokeSpecial(java.lang.Object, java.lang.Object, java.lang.Object, java.lang.Object, java.lang.Object, java.lang.Object, java.lang.Object)'> (0x00000000c35cb0e0) 
thrown [s\src\hotspot\share\interpreter\linkResolver.cpp, line 759]
Event: 32.409 Thread 0x00000214b7e67130 Exception <a 'java/lang/NoSuchMethodError'{0x00000000c305bc98}: 'java.lang.Object java.lang.invoke.DirectMethodHandle$Holder.invokeInterface(java.lang.Object, java.lang.Object, int)'> (0x00000000c305bc98) 
thrown [s\src\hotspot\share\interpreter\linkResolver.cpp, line 759]
Event: 32.416 Thread 0x00000214b7e67130 Exception <a 'java/lang/IncompatibleClassChangeError'{0x00000000c3072578}: Found class java.lang.Object, but interface was expected> (0x00000000c3072578) 
thrown [s\src\hotspot\share\interpreter\linkResolver.cpp, line 826]
Event: 33.580 Thread 0x00000214b7e67130 Exception <a 'java/lang/NoSuchMethodError'{0x00000000c3daeae0}: 'java.lang.Object java.lang.invoke.DirectMethodHandle$Holder.newInvokeSpecial(java.lang.Object, java.lang.Object, int, java.lang.Object, java.lang.Object)'> (0x00000000c3daeae0) 
thrown [s\src\hotspot\share\interpreter\linkResolver.cpp, line 759]
Event: 33.583 Thread 0x00000214b7e67130 Exception <a 'java/lang/NoSuchMethodError'{0x00000000c3de6c08}: 'java.lang.Object java.lang.invoke.DirectMethodHandle$Holder.invokeSpecial(java.lang.Object, java.lang.Object, int, java.lang.Object, int, java.lang.Object)'> (0x00000000c3de6c08) 
thrown [s\src\hotspot\share\interpreter\linkResolver.cpp, line 759]
Event: 33.584 Thread 0x00000214b7e67130 Exception <a 'java/lang/NoSuchMethodError'{0x00000000c3deea10}: 'java.lang.Object java.lang.invoke.DirectMethodHandle$Holder.newInvokeSpecial(java.lang.Object, java.lang.Object, int, java.lang.Object, int)'> (0x00000000c3deea10) 
thrown [s\src\hotspot\share\interpreter\linkResolver.cpp, line 759]
Event: 33.585 Thread 0x00000214b7e67130 Exception <a 'java/lang/NoSuchMethodError'{0x00000000c3df2b10}: 'java.lang.Object java.lang.invoke.DirectMethodHandle$Holder.invokeSpecial(java.lang.Object, java.lang.Object, java.lang.Object, int, java.lang.Object, int)'> (0x00000000c3df2b10) 
thrown [s\src\hotspot\share\interpreter\linkResolver.cpp, line 759]
Event: 35.441 Thread 0x00000214c82c3090 Exception <a 'java/lang/NoSuchMethodError'{0x00000000c327a628}: 'java.lang.Object java.lang.invoke.DirectMethodHandle$Holder.invokeStatic(java.lang.Object, java.lang.Object, java.lang.Object, int, java.lang.Object, java.lang.Object)'> (0x00000000c327a628) 
thrown [s\src\hotspot\share\interpreter\linkResolver.cpp, line 759]
Event: 35.710 Thread 0x00000214c831a010 Exception <a 'java/lang/NoSuchMethodError'{0x00000000c31b2d48}: 'java.lang.Object java.lang.invoke.DirectMethodHandle$Holder.invokeStatic(java.lang.Object, int, java.lang.Object)'> (0x00000000c31b2d48) 
thrown [s\src\hotspot\share\interpreter\linkResolver.cpp, line 759]
Event: 37.067 Thread 0x00000214c7bc19c0 Exception <a 'java/lang/NoSuchMethodError'{0x00000000c293edc0}: 'int java.lang.invoke.DirectMethodHandle$Holder.invokeStatic(java.lang.Object)'> (0x00000000c293edc0) 
thrown [s\src\hotspot\share\interpreter\linkResolver.cpp, line 759]
Event: 37.068 Thread 0x00000214c7bc19c0 Exception <a 'java/lang/NoSuchMethodError'{0x00000000c29421c0}: 'int java.lang.invoke.DirectMethodHandle$Holder.invokeStaticInit(java.lang.Object)'> (0x00000000c29421c0) 
thrown [s\src\hotspot\share\interpreter\linkResolver.cpp, line 759]
Event: 93.548 Thread 0x00000214c82388a0 Exception <a 'java/lang/NoSuchMethodError'{0x00000000c3dc2c90}: 'void java.lang.invoke.DirectMethodHandle$Holder.invokeStatic(java.lang.Object, long)'> (0x00000000c3dc2c90) 
thrown [s\src\hotspot\share\interpreter\linkResolver.cpp, line 759]
Event: 93.549 Thread 0x00000214c82388a0 Exception <a 'java/lang/NoSuchMethodError'{0x00000000c3dc8038}: 'java.lang.Object java.lang.invoke.DirectMethodHandle$Holder.newInvokeSpecial(java.lang.Object, long)'> (0x00000000c3dc8038) 
thrown [s\src\hotspot\share\interpreter\linkResolver.cpp, line 759]

VM Operations (20 events):
Event: 661.853 Executing VM operation: G1CollectFull done
Event: 679.706 Executing VM operation: G1CollectFull
Event: 679.766 Executing VM operation: G1CollectFull done
Event: 699.080 Executing VM operation: G1CollectFull
Event: 699.379 Executing VM operation: G1CollectFull done
Event: 718.941 Executing VM operation: G1CollectFull
Event: 718.999 Executing VM operation: G1CollectFull done
Event: 734.896 Executing VM operation: G1CollectFull
Event: 734.950 Executing VM operation: G1CollectFull done
Event: 750.140 Executing VM operation: G1CollectFull
Event: 750.194 Executing VM operation: G1CollectFull done
Event: 769.591 Executing VM operation: G1CollectFull
Event: 769.648 Executing VM operation: G1CollectFull done
Event: 784.228 Executing VM operation: G1CollectFull
Event: 784.291 Executing VM operation: G1CollectFull done
Event: 795.887 Executing VM operation: G1CollectFull
Event: 795.941 Executing VM operation: G1CollectFull done
Event: 812.341 Executing VM operation: G1CollectFull
Event: 812.399 Executing VM operation: G1CollectFull done
Event: 822.675 Executing VM operation: G1CollectFull

Events (20 events):
Event: 52.747 loading class java/util/concurrent/CompletableFuture$UniCompose done
Event: 52.747 loading class java/util/concurrent/ForkJoinPool$DefaultCommonPoolForkJoinWorkerThreadFactory$1
Event: 52.747 loading class java/util/concurrent/ForkJoinPool$DefaultCommonPoolForkJoinWorkerThreadFactory$1 done
Event: 52.748 Thread 0x00000214c7bc0580 Thread added: 0x00000214c7bc0580
Event: 52.766 loading class java/util/concurrent/CompletableFuture$UniRelay
Event: 52.766 loading class java/util/concurrent/CompletableFuture$UniRelay done
Event: 93.522 loading class java/lang/ProcessBuilder
Event: 93.523 loading class java/lang/ProcessBuilder done
Event: 93.524 loading class java/lang/ProcessImpl
Event: 93.524 loading class java/lang/ProcessImpl done
Event: 93.550 loading class java/lang/ProcessImpl$2
Event: 93.550 loading class java/lang/ProcessImpl$2 done
Event: 93.550 loading class java/lang/Process$PipeInputStream
Event: 93.551 loading class java/lang/Process$PipeInputStream done
Event: 93.552 loading class jdk/internal/event/ProcessStartEvent
Event: 93.552 loading class jdk/internal/event/ProcessStartEvent done
Event: 93.878 loading class java/io/FileOutputStream$1
Event: 93.878 loading class java/io/FileOutputStream$1 done
Event: 112.759 Thread 0x00000214c7bc0580 Thread exited: 0x00000214c7bc0580
Event: 116.885 Thread 0x00000214c7bc0fa0 Thread exited: 0x00000214c7bc0fa0


Dynamic libraries:
0x00007ff7ac2b0000 - 0x00007ff7ac2be000 	c:\Users\thoma\.vscode\extensions\redhat.java-1.28.1-win32-x64\jre\17.0.10-win32-x86_64\bin\java.exe
0x00007ffc7eac0000 - 0x00007ffc7ecc9000 	C:\WINDOWS\SYSTEM32\ntdll.dll
0x00007ffc7e610000 - 0x00007ffc7e6cd000 	C:\WINDOWS\System32\KERNEL32.DLL
0x00007ffc7c580000 - 0x00007ffc7c904000 	C:\WINDOWS\System32\KERNELBASE.dll
0x00007ffc7c180000 - 0x00007ffc7c291000 	C:\WINDOWS\System32\ucrtbase.dll
0x00007ffc65680000 - 0x00007ffc65697000 	c:\Users\thoma\.vscode\extensions\redhat.java-1.28.1-win32-x64\jre\17.0.10-win32-x86_64\bin\jli.dll
0x00007ffc7d960000 - 0x00007ffc7db0d000 	C:\WINDOWS\System32\USER32.dll
0x00007ffc7c430000 - 0x00007ffc7c456000 	C:\WINDOWS\System32\win32u.dll
0x00007ffc7d0e0000 - 0x00007ffc7d10a000 	C:\WINDOWS\System32\GDI32.dll
0x00007ffc7c460000 - 0x00007ffc7c57e000 	C:\WINDOWS\System32\gdi32full.dll
0x00007ffc7c2a0000 - 0x00007ffc7c33d000 	C:\WINDOWS\System32\msvcp_win.dll
0x00007ffc622c0000 - 0x00007ffc622db000 	c:\Users\thoma\.vscode\extensions\redhat.java-1.28.1-win32-x64\jre\17.0.10-win32-x86_64\bin\VCRUNTIME140.dll
0x00007ffc6bd20000 - 0x00007ffc6bfc5000 	C:\WINDOWS\WinSxS\amd64_microsoft.windows.common-controls_6595b64144ccf1df_6.0.22000.120_none_9d947278b86cc467\COMCTL32.dll
0x00007ffc7e960000 - 0x00007ffc7ea03000 	C:\WINDOWS\System32\msvcrt.dll
0x00007ffc7e6d0000 - 0x00007ffc7e701000 	C:\WINDOWS\System32\IMM32.DLL
0x00007ffc6fda0000 - 0x00007ffc6fdac000 	c:\Users\thoma\.vscode\extensions\redhat.java-1.28.1-win32-x64\jre\17.0.10-win32-x86_64\bin\vcruntime140_1.dll
0x00007ffc4ed10000 - 0x00007ffc4ed9d000 	c:\Users\thoma\.vscode\extensions\redhat.java-1.28.1-win32-x64\jre\17.0.10-win32-x86_64\bin\msvcp140.dll
0x00007ffc0eda0000 - 0x00007ffc0fa02000 	c:\Users\thoma\.vscode\extensions\redhat.java-1.28.1-win32-x64\jre\17.0.10-win32-x86_64\bin\server\jvm.dll
0x00007ffc7e790000 - 0x00007ffc7e83e000 	C:\WINDOWS\System32\ADVAPI32.dll
0x00007ffc7d3b0000 - 0x00007ffc7d44e000 	C:\WINDOWS\System32\sechost.dll
0x00007ffc7dc90000 - 0x00007ffc7ddb1000 	C:\WINDOWS\System32\RPCRT4.dll
0x00007ffc7a8b0000 - 0x00007ffc7a8fd000 	C:\WINDOWS\SYSTEM32\POWRPROF.dll
0x00007ffc5bf40000 - 0x00007ffc5bf49000 	C:\WINDOWS\SYSTEM32\WSOCK32.dll
0x00007ffc7d340000 - 0x00007ffc7d3af000 	C:\WINDOWS\System32\WS2_32.dll
0x00007ffc76170000 - 0x00007ffc761a3000 	C:\WINDOWS\SYSTEM32\WINMM.dll
0x00007ffc70e30000 - 0x00007ffc70e3a000 	C:\WINDOWS\SYSTEM32\VERSION.dll
0x00007ffc7a9a0000 - 0x00007ffc7a9b3000 	C:\WINDOWS\SYSTEM32\UMPDC.dll
0x00007ffc7b0b0000 - 0x00007ffc7b0c8000 	C:\WINDOWS\SYSTEM32\kernel.appcore.dll
0x00007ffc69590000 - 0x00007ffc6959a000 	c:\Users\thoma\.vscode\extensions\redhat.java-1.28.1-win32-x64\jre\17.0.10-win32-x86_64\bin\jimage.dll
0x00007ffc69e30000 - 0x00007ffc6a051000 	C:\WINDOWS\SYSTEM32\DBGHELP.DLL
0x00007ffc6a530000 - 0x00007ffc6a561000 	C:\WINDOWS\SYSTEM32\dbgcore.DLL
0x00007ffc7c340000 - 0x00007ffc7c3bf000 	C:\WINDOWS\System32\bcryptPrimitives.dll
0x00007ffc62290000 - 0x00007ffc622b5000 	c:\Users\thoma\.vscode\extensions\redhat.java-1.28.1-win32-x64\jre\17.0.10-win32-x86_64\bin\java.dll
0x00007ffc62270000 - 0x00007ffc62288000 	c:\Users\thoma\.vscode\extensions\redhat.java-1.28.1-win32-x64\jre\17.0.10-win32-x86_64\bin\zip.dll
0x00007ffc7c910000 - 0x00007ffc7d0d5000 	C:\WINDOWS\System32\SHELL32.dll
0x00007ffc7a030000 - 0x00007ffc7a892000 	C:\WINDOWS\SYSTEM32\windows.storage.dll
0x00007ffc7dea0000 - 0x00007ffc7e216000 	C:\WINDOWS\System32\combase.dll
0x00007ffc79ec0000 - 0x00007ffc7a027000 	C:\WINDOWS\SYSTEM32\wintypes.dll
0x00007ffc7dba0000 - 0x00007ffc7dc8a000 	C:\WINDOWS\System32\SHCORE.dll
0x00007ffc7db10000 - 0x00007ffc7db6d000 	C:\WINDOWS\System32\shlwapi.dll
0x00007ffc7be80000 - 0x00007ffc7bea5000 	C:\WINDOWS\SYSTEM32\profapi.dll
0x00007ffc5f3c0000 - 0x00007ffc5f3d9000 	C:\Users\thoma\.vscode\extensions\redhat.java-1.28.1-win32-x64\jre\17.0.10-win32-x86_64\bin\net.dll
0x00007ffc75dd0000 - 0x00007ffc75ee4000 	C:\WINDOWS\SYSTEM32\WINHTTP.dll
0x00007ffc7b560000 - 0x00007ffc7b5c7000 	C:\WINDOWS\system32\mswsock.dll
0x00007ffc5f290000 - 0x00007ffc5f2a6000 	C:\Users\thoma\.vscode\extensions\redhat.java-1.28.1-win32-x64\jre\17.0.10-win32-x86_64\bin\nio.dll
0x00007ffc65390000 - 0x00007ffc653a0000 	c:\Users\thoma\.vscode\extensions\redhat.java-1.28.1-win32-x64\jre\17.0.10-win32-x86_64\bin\verify.dll
0x00007ffc7b7a0000 - 0x00007ffc7b7b8000 	C:\WINDOWS\SYSTEM32\CRYPTSP.dll
0x00007ffc7b010000 - 0x00007ffc7b045000 	C:\WINDOWS\system32\rsaenh.dll
0x00007ffc7b650000 - 0x00007ffc7b67c000 	C:\WINDOWS\SYSTEM32\USERENV.dll
0x00007ffc7b920000 - 0x00007ffc7b947000 	C:\WINDOWS\SYSTEM32\bcrypt.dll
0x00007ffc7b7c0000 - 0x00007ffc7b7cc000 	C:\WINDOWS\SYSTEM32\CRYPTBASE.dll
0x00007ffc7abd0000 - 0x00007ffc7abfd000 	C:\WINDOWS\SYSTEM32\IPHLPAPI.DLL
0x00007ffc7db90000 - 0x00007ffc7db99000 	C:\WINDOWS\System32\NSI.dll
0x00007ffc756a0000 - 0x00007ffc756b9000 	C:\WINDOWS\SYSTEM32\dhcpcsvc6.DLL
0x00007ffc76850000 - 0x00007ffc7686e000 	C:\WINDOWS\SYSTEM32\dhcpcsvc.DLL
0x00007ffc7ac00000 - 0x00007ffc7ace7000 	C:\WINDOWS\SYSTEM32\DNSAPI.dll
0x00007ffc5bbe0000 - 0x00007ffc5bbe9000 	C:\Users\thoma\.vscode\extensions\redhat.java-1.28.1-win32-x64\jre\17.0.10-win32-x86_64\bin\management.dll
0x00007ffc5bb00000 - 0x00007ffc5bb0b000 	C:\Users\thoma\.vscode\extensions\redhat.java-1.28.1-win32-x64\jre\17.0.10-win32-x86_64\bin\management_ext.dll
0x00007ffc7e840000 - 0x00007ffc7e848000 	C:\WINDOWS\System32\PSAPI.DLL

dbghelp: loaded successfully - version: 4.0.5 - missing functions: none
symbol engine: initialized successfully - sym options: 0x614 - pdb path: .;c:\Users\thoma\.vscode\extensions\redhat.java-1.28.1-win32-x64\jre\17.0.10-win32-x86_64\bin;C:\WINDOWS\SYSTEM32;C:\WINDOWS\WinSxS\amd64_microsoft.windows.common-controls_6595b64144ccf1df_6.0.22000.120_none_9d947278b86cc467;c:\Users\thoma\.vscode\extensions\redhat.java-1.28.1-win32-x64\jre\17.0.10-win32-x86_64\bin\server

VM Arguments:
jvm_args: -XX:+HeapDumpOnOutOfMemoryError -Xmx1024m -Dsts.lsp.client=vscode -Dsts.log.file=/dev/null -XX:TieredStopAtLevel=1 -Xlog:jni+resolve=off -Dspring.config.location=file:c:\Users\thoma\.vscode\extensions\vmware.vscode-spring-boot-1.53.0\language-server\BOOT-INF\classes\application.properties 
java_command: org.springframework.ide.vscode.boot.app.BootLanguageServerBootApp
java_class_path (initial): c:\Users\thoma\.vscode\extensions\vmware.vscode-spring-boot-1.53.0\language-server\BOOT-INF\classes;c:\Users\thoma\.vscode\extensions\vmware.vscode-spring-boot-1.53.0\language-server\BOOT-INF\lib\annotations-24.1.0.jar;c:\Users\thoma\.vscode\extensions\vmware.vscode-spring-boot-1.53.0\language-server\BOOT-INF\lib\antlr4-runtime-4.11.1.jar;c:\Users\thoma\.vscode\extensions\vmware.vscode-spring-boot-1.53.0\language-server\BOOT-INF\lib\asm-9.6.jar;c:\Users\thoma\.vscode\extensions\vmware.vscode-spring-boot-1.53.0\language-server\BOOT-INF\lib\asm-analysis-9.6.jar;c:\Users\thoma\.vscode\extensions\vmware.vscode-spring-boot-1.53.0\language-server\BOOT-INF\lib\asm-tree-9.6.jar;c:\Users\thoma\.vscode\extensions\vmware.vscode-spring-boot-1.53.0\language-server\BOOT-INF\lib\asm-util-9.6.jar;c:\Users\thoma\.vscode\extensions\vmware.vscode-spring-boot-1.53.0\language-server\BOOT-INF\lib\caffeine-3.1.8.jar;c:\Users\thoma\.vscode\extensions\vmware.vscode-spring-boot-1.53.0\language-server\BOOT-INF\lib\checker-qual-3.12.0.jar;c:\Users\thoma\.vscode\extensions\vmware.vscode-spring-boot-1.53.0\language-server\BOOT-INF\lib\classgraph-4.8.149.jar;c:\Users\thoma\.vscode\extensions\vmware.vscode-spring-boot-1.53.0\language-server\BOOT-INF\lib\commons-codec-1.16.1.jar;c:\Users\thoma\.vscode\extensions\vmware.vscode-spring-boot-1.53.0\language-server\BOOT-INF\lib\commons-compress-1.26.0.jar;c:\Users\thoma\.vscode\extensions\vmware.vscode-spring-boot-1.53.0\language-server\BOOT-INF\lib\commons-io-2.4.jar;c:\Users\thoma\.vscode\extensions\vmware.vscode-spring-boot-1.53.0\language-server\BOOT-INF\lib\commons-java-1.53.0-SNAPSHOT.jar;c:\Users\thoma\.vscode\extensions\vmware.vscode-spring-boot-1.53.0\language-server\BOOT-INF\lib\commons-lang3-3.13.0.jar;c:\Users\thoma\.vscode\extensions\vmware.vscode-spring-boot-1.53.0\language-server\BOOT-INF\lib\commons-language-server-1.53.0-SNAPSHOT.jar;c:\Users\thoma\.vscode\extensions\vmware.vscode-spring-boot-1.53.0\language
Launcher Type: SUN_STANDARD

[Global flags]
     intx CICompilerCount                          = 3                                         {product} {ergonomic}
     uint ConcGCThreads                            = 1                                         {product} {ergonomic}
     uint G1ConcRefinementThreads                  = 4                                         {product} {ergonomic}
   size_t G1HeapRegionSize                         = 1048576                                   {product} {ergonomic}
    uintx GCDrainStackTargetSize                   = 64                                        {product} {ergonomic}
     bool HeapDumpOnOutOfMemoryError               = true                                   {manageable} {command line}
   size_t InitialHeapSize                          = 67108864                                  {product} {ergonomic}
   size_t MarkStackSize                            = 4194304                                   {product} {ergonomic}
   size_t MaxHeapSize                              = 1073741824                                {product} {command line}
   size_t MaxNewSize                               = 643825664                                 {product} {ergonomic}
   size_t MinHeapDeltaBytes                        = 1048576                                   {product} {ergonomic}
   size_t MinHeapSize                              = 8388608                                   {product} {ergonomic}
    uintx NonProfiledCodeHeapSize                  = 0                                      {pd product} {ergonomic}
     bool ProfileInterpreter                       = false                                  {pd product} {command line}
    uintx ProfiledCodeHeapSize                     = 0                                      {pd product} {ergonomic}
   size_t SoftMaxHeapSize                          = 1073741824                             {manageable} {ergonomic}
     intx TieredStopAtLevel                        = 1                                         {product} {command line}
     bool UseCompressedClassPointers               = true                           {product lp64_product} {ergonomic}
     bool UseCompressedOops                        = true                           {product lp64_product} {ergonomic}
     bool UseG1GC                                  = true                                      {product} {ergonomic}
     bool UseLargePagesIndividualAllocation        = false                                  {pd product} {ergonomic}

Logging:
Log output configuration:
 #0: stdout all=warning,jni+resolve=off uptime,level,tags
 #1: stderr all=off uptime,level,tags

Environment Variables:
PATH=C:\Program Files\Common Files\Oracle\Java\javapath;C:\WINDOWS\system32;C:\WINDOWS;C:\WINDOWS\System32\Wbem;C:\WINDOWS\System32\WindowsPowerShell\v1.0\;C:\WINDOWS\System32\OpenSSH\;C:\Program Files\Git\cmd;C:\ProgramData\chocolatey\bin;C:\Users\thoma\OneDrive\Área de Trabalho\apache-maven-3.9.4\bin;C:\Program Files\dotnet\;C:\Program Files\MongoDB\Server\6.0\bin;C:\Program Files\Microsoft SQL Server\150\Tools\Binn\;C:\Program Files\Microsoft SQL Server\Client SDK\ODBC\170\Tools\Binn\;C:\Program Files\nodejs\;C:\Users\thoma\AppData\Local\Microsoft\WindowsApps;;C:\Program Files\JetBrains\PyCharm 2023.2.1\bin;;C:\Users\thoma\.dotnet\tools;C:\Users\thoma\AppData\Local\Programs\Microsoft VS Code\bin;C:\Users\thoma\AppData\Roaming\npm
USERNAME=thoma
OS=Windows_NT
PROCESSOR_IDENTIFIER=Intel64 Family 6 Model 69 Stepping 1, GenuineIntel
TMP=C:\Users\thoma\AppData\Local\Temp
TEMP=C:\Users\thoma\AppData\Local\Temp



Periodic native trim disabled


---------------  S Y S T E M  ---------------

OS:
 Windows 11 , 64 bit Build 22000 (10.0.22000.2538)
OS uptime: 3 days 2:00 hours

CPU: total 4 (initial active 4) (2 cores per cpu, 2 threads per core) family 6 model 69 stepping 1 microcode 0x26, cx8, cmov, fxsr, ht, mmx, sse, sse2, sse3, ssse3, sse4.1, sse4.2, popcnt, lzcnt, tsc, tscinvbit, avx, avx2, aes, erms, clmul, bmi1, bmi2, fma, vzeroupper, clflush
Processor Information for all 4 processors :
  Max Mhz: 1700, Current Mhz: 1700, Mhz Limit: 1700

Memory: 4k page, system-wide physical 4000M (347M free)
TotalPageFile size 16288M (AvailPageFile size 7M)
current process WorkingSet (physical memory assigned to process): 37M, peak: 148M
current process commit charge ("private bytes"): 184M, peak: 191M

vm_info: OpenJDK 64-Bit Server VM (17.0.10+7) for windows-amd64 JRE (17.0.10+7), built on Jan 16 2024 23:25:11 by "admin" with MS VC++ 16.10 / 16.11 (VS2019)

END.
